<?xml version="1.0" encoding="UTF-8"?>
<testng-results skipped="0" failed="0" ignored="0" total="1" passed="1">
  <reporter-output>
  </reporter-output>
  <suite name="Suite" duration-ms="44840" started-at="2018-06-11T18:17:46Z" finished-at="2018-06-11T18:18:31Z">
    <groups>
    </groups>
    <test name="Test" duration-ms="44840" started-at="2018-06-11T18:17:46Z" finished-at="2018-06-11T18:18:31Z">
      <class name="Pradeep1_Maven.Class1">
        <test-method status="PASS" signature="test()[pri:0, instance:Pradeep1_Maven.Class1@4b9e13df]" name="test" duration-ms="44788" started-at="2018-06-11T18:17:47Z" finished-at="2018-06-11T18:18:31Z">
          <reporter-output>
          </reporter-output>
        </test-method> <!-- test -->
      </class> <!-- Pradeep1_Maven.Class1 -->
    </test> <!-- Test -->
  </suite> <!-- Suite -->
</testng-results>
